c:\users\dominik\documents\github\salon_samochodowy\salon_samochodowy\debug\vc142.pdb
c:\users\dominik\documents\github\salon_samochodowy\salon_samochodowy\debug\.netframework,version=v4.7.2.assemblyattributes.obj
c:\users\dominik\documents\github\salon_samochodowy\salon_samochodowy\debug\okno_zmiana_hasla.obj
c:\users\dominik\documents\github\salon_samochodowy\salon_samochodowy\debug\okno_uzytkownicy.obj
c:\users\dominik\documents\github\salon_samochodowy\salon_samochodowy\debug\okno_sprzedaze.obj
c:\users\dominik\documents\github\salon_samochodowy\salon_samochodowy\debug\okno_samochody.obj
c:\users\dominik\documents\github\salon_samochodowy\salon_samochodowy\debug\okno_pracownik-samochody.obj
c:\users\dominik\documents\github\salon_samochodowy\salon_samochodowy\debug\okno_logowania.obj
c:\users\dominik\documents\github\salon_samochodowy\salon_samochodowy\debug\okno_klienci.obj
c:\users\dominik\documents\github\salon_samochodowy\salon_samochodowy\debug\okno_jazdy_probne.obj
c:\users\dominik\documents\github\salon_samochodowy\salon_samochodowy\debug\okno_glowne.obj
c:\users\dominik\documents\github\salon_samochodowy\salon_samochodowy\debug\main.obj
c:\users\dominik\documents\github\salon_samochodowy\debug\salon_samochodowy.exe
c:\users\dominik\documents\github\salon_samochodowy\debug\salon_samochodowy.pdb
c:\users\dominik\documents\github\salon_samochodowy\salon_samochodowy\debug\salonsamochodowy.okno_glowne.resources
c:\users\dominik\documents\github\salon_samochodowy\salon_samochodowy\debug\salonsamochodowy.okno_jazdy_probne.resources
c:\users\dominik\documents\github\salon_samochodowy\salon_samochodowy\debug\salonsamochodowy.okno_klienci.resources
c:\users\dominik\documents\github\salon_samochodowy\salon_samochodowy\debug\salonsamochodowy.okno_logowania.resources
c:\users\dominik\documents\github\salon_samochodowy\salon_samochodowy\debug\salonsamochodowy.okno_pracownik-samochody.resources
c:\users\dominik\documents\github\salon_samochodowy\salon_samochodowy\debug\salonsamochodowy.okno_samochody.resources
c:\users\dominik\documents\github\salon_samochodowy\salon_samochodowy\debug\salonsamochodowy.okno_sprzedaze.resources
c:\users\dominik\documents\github\salon_samochodowy\salon_samochodowy\debug\salonsamochodowy.okno_uzytkownicy.resources
c:\users\dominik\documents\github\salon_samochodowy\salon_samochodowy\debug\salonsamochodowy.okno_zmiana_hasla.resources
c:\users\dominik\documents\github\salon_samochodowy\salon_samochodowy\debug\salon_sa.8c2589c9.tlog\cl.command.1.tlog
c:\users\dominik\documents\github\salon_samochodowy\salon_samochodowy\debug\salon_sa.8c2589c9.tlog\cl.read.1.tlog
c:\users\dominik\documents\github\salon_samochodowy\salon_samochodowy\debug\salon_sa.8c2589c9.tlog\cl.write.1.tlog
c:\users\dominik\documents\github\salon_samochodowy\salon_samochodowy\debug\salon_sa.8c2589c9.tlog\link.command.1.tlog
c:\users\dominik\documents\github\salon_samochodowy\salon_samochodowy\debug\salon_sa.8c2589c9.tlog\link.read.1.tlog
c:\users\dominik\documents\github\salon_samochodowy\salon_samochodowy\debug\salon_sa.8c2589c9.tlog\link.write.1.tlog
c:\users\dominik\documents\github\salon_samochodowy\salon_samochodowy\debug\salon_sa.8c2589c9.tlog\metagen.read.1.tlog
c:\users\dominik\documents\github\salon_samochodowy\salon_samochodowy\debug\salon_sa.8c2589c9.tlog\metagen.write.1.tlog
c:\users\dominik\documents\github\salon_samochodowy\salon_samochodowy\debug\salon_sa.8c2589c9.tlog\salon_samochodowy.write.1u.tlog
